#
# There is insufficient memory for the Java Runtime Environment to continue.
# Native memory allocation (malloc) failed to allocate 1048576 bytes for AllocateHeap
# Possible reasons:
#   The system is out of physical RAM or swap space
#   The process is running with CompressedOops enabled, and the Java Heap may be blocking the growth of the native heap
# Possible solutions:
#   Reduce memory load on the system
#   Increase physical memory or swap space
#   Check if swap backing store is full
#   Decrease Java heap size (-Xmx/-Xms)
#   Decrease number of Java threads
#   Decrease Java thread stack sizes (-Xss)
#   Set larger code cache with -XX:ReservedCodeCacheSize=
#   JVM is running with Unscaled Compressed Oops mode in which the Java heap is
#     placed in the first 4GB address space. The Java Heap base address is the
#     maximum limit for the native heap growth. Please use -XX:HeapBaseMinAddress
#     to set the Java Heap base and to place the Java Heap above 4GB virtual address.
# This output file may be truncated or incomplete.
#
#  Out of Memory Error (memory/allocation.inline.hpp:61), pid=14972, tid=0x0000000000000978
#
# JRE version:  (8.0_261-b12) (build )
# Java VM: Java HotSpot(TM) 64-Bit Server VM (25.261-b12 mixed mode windows-amd64 compressed oops)
# Failed to write core dump. Minidumps are not enabled by default on client versions of Windows
#

---------------  T H R E A D  ---------------

Current thread (0x00000231efcdf800):  JavaThread "Unknown thread" [_thread_in_vm, id=2424, stack(0x000000346de00000,0x000000346df00000)]

Stack: [0x000000346de00000,0x000000346df00000]
Native frames: (J=compiled Java code, j=interpreted, Vv=VM code, C=native code)
V  [jvm.dll+0x33e5f9]
V  [jvm.dll+0x2850e2]
V  [jvm.dll+0x285d8d]
V  [jvm.dll+0x27c895]
V  [jvm.dll+0x1565d]
V  [jvm.dll+0x3e2507]
V  [jvm.dll+0x3e2ef8]
V  [jvm.dll+0x10c61f]
V  [jvm.dll+0x21a00b]
V  [jvm.dll+0x248687]
V  [jvm.dll+0x172116]
C  [java.exe+0x2312]
C  [java.exe+0x15f64]
C  [KERNEL32.DLL+0x17034]
C  [ntdll.dll+0x52651]


---------------  P R O C E S S  ---------------

Java Threads: ( => current thread )

Other Threads:

=>0x00000231efcdf800 (exited) JavaThread "Unknown thread" [_thread_in_vm, id=2424, stack(0x000000346de00000,0x000000346df00000)]

VM state:not at safepoint (normal execution)

VM Mutex/Monitor currently owned by a thread: None

heap address: 0x0000000084c00000, size: 1972 MB, Compressed Oops mode: 32-bit
Narrow klass base: 0x0000000000000000, Narrow klass shift: 3
Compressed class space size: 1073741824 Address: 0x0000000100000000

Heap:
 PSYoungGen      total 36864K, used 634K [0x00000000d6f00000, 0x00000000d9800000, 0x0000000100000000)
  eden space 31744K, 2% used [0x00000000d6f00000,0x00000000d6f9eb90,0x00000000d8e00000)
  from space 5120K, 0% used [0x00000000d9300000,0x00000000d9300000,0x00000000d9800000)
  to   space 5120K, 0% used [0x00000000d8e00000,0x00000000d8e00000,0x00000000d9300000)
 ParOldGen       total 84992K, used 0K [0x0000000084c00000, 0x0000000089f00000, 0x00000000d6f00000)
  object space 84992K, 0% used [0x0000000084c00000,0x0000000084c00000,0x0000000089f00000)
 Metaspace       used 776K, capacity 4480K, committed 4480K, reserved 1056768K
  class space    used 76K, capacity 384K, committed 384K, reserved 1048576K

Card table byte_map: [0x00000231f19e0000,0x00000231f1dc0000] byte_map_base: 0x00000231f15ba000

Marking Bits: (ParMarkBitMap*) 0x000000006dcf4fb0
 Begin Bits: [0x00000231f2060000, 0x00000231f3f30000)
 End Bits:   [0x00000231f3f30000, 0x00000231f5e00000)

Polling page: 0x00000231efe40000

CodeCache: size=245760Kb used=328Kb max_used=328Kb free=245431Kb
 bounds [0x0000023180000000, 0x0000023180270000, 0x000002318f000000]
 total_blobs=58 nmethods=0 adapters=38
 compilation: enabled

Compilation events (0 events):
No events

GC Heap History (0 events):
No events

Deoptimization events (0 events):
No events

Classes redefined (0 events):
No events

Internal exceptions (0 events):
No events

Events (10 events):
Event: 0.029 loading class java/lang/Short
Event: 0.029 loading class java/lang/Short done
Event: 0.029 loading class java/lang/Integer
Event: 0.029 loading class java/lang/Integer done
Event: 0.029 loading class java/lang/Long
Event: 0.029 loading class java/lang/Long done
Event: 0.030 loading class java/lang/NullPointerException
Event: 0.030 loading class java/lang/NullPointerException done
Event: 0.030 loading class java/lang/ArithmeticException
Event: 0.030 loading class java/lang/ArithmeticException done


Dynamic libraries:
0x00007ff733940000 - 0x00007ff733987000 	C:\Program Files\Java\jdk1.8.0_261\bin\java.exe
0x00007ffe57170000 - 0x00007ffe57367000 	C:\WINDOWS\SYSTEM32\ntdll.dll
0x00007ffe56220000 - 0x00007ffe562dd000 	C:\WINDOWS\System32\KERNEL32.DLL
0x00007ffe54d20000 - 0x00007ffe54fed000 	C:\WINDOWS\System32\KERNELBASE.dll
0x00007ffe552b0000 - 0x00007ffe5535e000 	C:\WINDOWS\System32\ADVAPI32.dll
0x00007ffe55e70000 - 0x00007ffe55f0e000 	C:\WINDOWS\System32\msvcrt.dll
0x00007ffe56e90000 - 0x00007ffe56f2c000 	C:\WINDOWS\System32\sechost.dll
0x00007ffe56d60000 - 0x00007ffe56e85000 	C:\WINDOWS\System32\RPCRT4.dll
0x00007ffe562e0000 - 0x00007ffe56480000 	C:\WINDOWS\System32\USER32.dll
0x00007ffe550a0000 - 0x00007ffe550c2000 	C:\WINDOWS\System32\win32u.dll
0x00007ffe56d20000 - 0x00007ffe56d4a000 	C:\WINDOWS\System32\GDI32.dll
0x00007ffe549b0000 - 0x00007ffe54abb000 	C:\WINDOWS\System32\gdi32full.dll
0x00007ffe550d0000 - 0x00007ffe5516d000 	C:\WINDOWS\System32\msvcp_win.dll
0x00007ffe54ac0000 - 0x00007ffe54bc0000 	C:\WINDOWS\System32\ucrtbase.dll
0x00007ffe43c10000 - 0x00007ffe43eaa000 	C:\WINDOWS\WinSxS\amd64_microsoft.windows.common-controls_6595b64144ccf1df_6.0.19041.1110_none_60b5254171f9507e\COMCTL32.dll
0x00007ffe55280000 - 0x00007ffe552b0000 	C:\WINDOWS\System32\IMM32.DLL
0x00007ffe4fc00000 - 0x00007ffe4fc15000 	C:\Program Files\Java\jdk1.8.0_261\jre\bin\vcruntime140.dll
0x00007ffe2fe90000 - 0x00007ffe2ff2b000 	C:\Program Files\Java\jdk1.8.0_261\jre\bin\msvcp140.dll
0x000000006d500000 - 0x000000006dd6c000 	C:\Program Files\Java\jdk1.8.0_261\jre\bin\server\jvm.dll
0x00007ffe55510000 - 0x00007ffe55518000 	C:\WINDOWS\System32\PSAPI.DLL
0x00007ffe47690000 - 0x00007ffe4769a000 	C:\WINDOWS\SYSTEM32\VERSION.dll
0x00007ffe45640000 - 0x00007ffe45667000 	C:\WINDOWS\SYSTEM32\WINMM.dll
0x00007ffe42000000 - 0x00007ffe42009000 	C:\WINDOWS\SYSTEM32\WSOCK32.dll
0x00007ffe55e00000 - 0x00007ffe55e6b000 	C:\WINDOWS\System32\WS2_32.dll
0x00007ffe531b0000 - 0x00007ffe531c2000 	C:\WINDOWS\SYSTEM32\kernel.appcore.dll
0x00007ffe4eb10000 - 0x00007ffe4eb20000 	C:\Program Files\Java\jdk1.8.0_261\jre\bin\verify.dll
0x00007ffe4e460000 - 0x00007ffe4e48b000 	C:\Program Files\Java\jdk1.8.0_261\jre\bin\java.dll
0x00007ffe4e670000 - 0x00007ffe4e688000 	C:\Program Files\Java\jdk1.8.0_261\jre\bin\zip.dll
0x00007ffe46650000 - 0x00007ffe46834000 	C:\WINDOWS\SYSTEM32\dbghelp.dll
0x00007ffe54920000 - 0x00007ffe549a2000 	C:\WINDOWS\System32\bcryptPrimitives.dll

VM Arguments:
jvm_args: -Dfile.encoding=UTF-8 
java_command: login.FrmLogin
java_class_path (initial): E:\Me\KULIAH\BOOTCAMP CSR CODING\PROJECT AKHIR\design\java-jpanel-round-border-main\build\classes;C:\Program Files\NetBeans-13\netbeans\java\modules\ext\AbsoluteLayout.jar;E:\Me\KULIAH\BOOTCAMP CSR CODING\PROJECT AKHIR\app\LujiAIS\build\classes
Launcher Type: SUN_STANDARD

Environment Variables:
JAVA_HOME=C:\Program Files\Java\jdk1.8.0_261
PATH=C:\Program Files\Python310\Scripts\;C:\Program Files\Python310\;C:\Program Files (x86)\Common Files\Oracle\Java\javapath;C:\Program Files\Java\jdk1.8.0_261\bin;C:\msys64\usr\bin;C:\msys64\mingw64\bin;C:\Program Files (x86)\Common Files\Intel\Shared Files\cpp\bin\Intel64;C:\WINDOWS\system32;C:\WINDOWS;C:\WINDOWS\System32\Wbem;C:\WINDOWS\System32\WindowsPowerShell\v1.0\;C:\WINDOWS\System32\OpenSSH\;C:\Program Files\dotnet\;C:\Program Files\Git\cmd;E:\xampp\mysql\bin;C:\Users\Zul\AppData\Local\Microsoft\WindowsApps;;C:\Users\Zul\AppData\Local\Programs\Microsoft VS Code\bin
USERNAME=Zul
OS=Windows_NT
PROCESSOR_IDENTIFIER=Intel64 Family 6 Model 69 Stepping 1, GenuineIntel



---------------  S Y S T E M  ---------------

OS: Windows 10.0 , 64 bit Build 19041 (10.0.19041.1741)

CPU:total 4 (initial active 4) (2 cores per cpu, 2 threads per core) family 6 model 69 stepping 1, cmov, cx8, fxsr, mmx, sse, sse2, sse3, ssse3, sse4.1, sse4.2, popcnt, avx, avx2, aes, clmul, erms, lzcnt, ht, tsc, tscinvbit, bmi1, bmi2

Memory: 4k page, physical 8069144k(1204620k free), swap 11060748k(5576k free)

vm_info: Java HotSpot(TM) 64-Bit Server VM (25.261-b12) for windows-amd64 JRE (1.8.0_261-b12), built on Jun 18 2020 06:56:32 by "" with unknown MS VC++:1916

time: Sat Jul  2 19:02:54 2022
timezone: SE Asia Standard Time
elapsed time: 0 seconds (0d 0h 0m 0s)

